生成启动时间为 2020/12/26 19:57:38。
     1>项目“C:\Users\76532\Desktop\各科作业\计图\作业3\作业3\distrib\a3.vcxproj”在节点 2 上(build 个目标)。
       项目文件包含 ToolsVersion="15.0"。此工具集可能未知或缺失。在这种情况下，通过安装 MSBuild 的正确版本，或许可以解决此问题。否则，该 build 可能已因策略原因而被强制为某个特定 ToolsVersion。将该项目视为其已具有 ToolsVersion="4.0"。有关详细信息，请参阅 http://go.microsoft.com/fwlink/?LinkId=291333。
     1>InitializeBuildStatus:
         正在创建“Release\a3.unsuccessfulbuild”，因为已指定“AlwaysCreate”。
       ClCompile:
         C:\Program Files (x86)\Microsoft Visual Studio 10.0\VC\bin\CL.exe /c /IGL /Ivecmath\include /Zi /nologo /W3 /WX- /O2 /Oy- /D WIN32 /D NDEBUG /D _CONSOLE /Gm- /EHsc /MD /GS /fp:precise /Zc:wchar_t /Zc:forScope /Fo"Release\\" /Fd"Release\vc100.pdb" /Gd /TP /analyze- /errorReport:prompt main.cpp
         main.cpp
     1>main.cpp(39): warning C4244: “参数”: 从“int”转换到“const float”，可能丢失数据
     1>main.cpp(77): warning C4244: “参数”: 从“int”转换到“const float”，可能丢失数据
     1>main.cpp(84): warning C4244: “参数”: 从“int”转换到“const float”，可能丢失数据
     1>main.cpp(91): warning C4244: “参数”: 从“int”转换到“const float”，可能丢失数据
     1>main.cpp(98): warning C4244: “参数”: 从“int”转换到“const float”，可能丢失数据
     1>main.cpp(107): warning C4244: “参数”: 从“int”转换到“const float”，可能丢失数据
     1>main.cpp(108): warning C4244: “参数”: 从“double”转换到“float”，可能丢失数据
     1>main.cpp(114): warning C4244: “参数”: 从“int”转换到“const float”，可能丢失数据
     1>main.cpp(115): warning C4244: “参数”: 从“double”转换到“float”，可能丢失数据
     1>main.cpp(121): warning C4244: “参数”: 从“int”转换到“const float”，可能丢失数据
     1>main.cpp(122): warning C4244: “参数”: 从“double”转换到“float”，可能丢失数据
     1>main.cpp(128): warning C4244: “参数”: 从“int”转换到“const float”，可能丢失数据
     1>main.cpp(129): warning C4244: “参数”: 从“double”转换到“float”，可能丢失数据
     1>main.cpp(137): warning C4244: “参数”: 从“int”转换到“const float”，可能丢失数据
     1>main.cpp(144): warning C4244: “参数”: 从“int”转换到“const float”，可能丢失数据
     1>main.cpp(151): warning C4244: “参数”: 从“int”转换到“const float”，可能丢失数据
     1>main.cpp(158): warning C4244: “参数”: 从“int”转换到“const float”，可能丢失数据
     1>main.cpp(181): warning C4244: “参数”: 从“time_t”转换到“unsigned int”，可能丢失数据
     1>main.cpp(185): warning C4305: “初始化”: 从“double”到“float”截断
     1>main.cpp(361): warning C4244: “参数”: 从“double”转换到“int”，可能丢失数据
     1>main.cpp(384): warning C4305: “初始化”: 从“double”到“float”截断
     1>main.cpp(385): warning C4244: “参数”: 从“float”转换到“int”，可能丢失数据
     1>main.cpp(391): warning C4244: “参数”: 从“int”转换到“float”，可能丢失数据
     1>main.cpp(395): warning C4244: “参数”: 从“int”转换到“float”，可能丢失数据
     1>main.cpp(395): warning C4244: “参数”: 从“int”转换到“float”，可能丢失数据
     1>main.cpp(395): warning C4244: “参数”: 从“int”转换到“float”，可能丢失数据
     1>main.cpp(444): warning C4305: “初始化”: 从“double”到“float”截断
     1>main.cpp(476): warning C4060: switch 语句没有包含“case”或“default”标签
       ManifestResourceCompile:
         所有输出均为最新。
       Link:
         C:\Program Files (x86)\Microsoft Visual Studio 10.0\VC\bin\link.exe /ERRORREPORT:PROMPT /OUT:"C:\Users\76532\Desktop\各科作业\计图\作业3\作业3\distrib\Release\a3.exe" /INCREMENTAL /NOLOGO RK4.lib freeglut.lib kernel32.lib user32.lib gdi32.lib winspool.lib comdlg32.lib advapi32.lib shell32.lib ole32.lib oleaut32.lib uuid.lib odbc32.lib odbccp32.lib kernel32.lib user32.lib gdi32.lib winspool.lib comdlg32.lib advapi32.lib shell32.lib ole32.lib oleaut32.lib uuid.lib odbc32.lib odbccp32.lib /MANIFEST /ManifestFile:"Release\a3.exe.intermediate.manifest" /MANIFESTUAC:"level='asInvoker' uiAccess='false'" /DEBUG /PDB:"C:\Users\76532\Desktop\各科作业\计图\作业3\作业3\distrib\Release\a3.pdb" /SUBSYSTEM:CONSOLE /OPT:REF /OPT:ICF /TLBID:1 /DYNAMICBASE /NXCOMPAT /IMPLIB:"C:\Users\76532\Desktop\各科作业\计图\作业3\作业3\distrib\Release\a3.lib" /MACHINE:X86 Release\a3.exe.embed.manifest.res
         Release\camera.obj
         Release\ClothSystem.obj
         Release\main.obj
         Release\particleSystem.obj
         Release\pendulumSystem.obj
         Release\simpleSystem.obj
         Release\TimeStepper.obj
         Release\Matrix2f.obj
         Release\Matrix3f.obj
         Release\Matrix4f.obj
         Release\Quat4f.obj
         Release\Vector2f.obj
         Release\Vector3f.obj
         Release\Vector4f.obj
     1>LINK : warning LNK4075: 忽略“/INCREMENTAL”(由于“/OPT:ICF”规范)
       Manifest:
         C:\Program Files (x86)\Microsoft SDKs\Windows\v7.0A\bin\mt.exe /nologo /verbose /out:"Release\a3.exe.embed.manifest" /manifest Release\a3.exe.intermediate.manifest
         所有输出均为最新。
       LinkEmbedManifest:
         所有输出均为最新。
         a3.vcxproj -> C:\Users\76532\Desktop\各科作业\计图\作业3\作业3\distrib\Release\a3.exe
       FinalizeBuildStatus:
         正在删除文件“Release\a3.unsuccessfulbuild”。
         正在对“Release\a3.lastbuildstate”执行 Touch 任务。
     1>已完成生成项目“C:\Users\76532\Desktop\各科作业\计图\作业3\作业3\distrib\a3.vcxproj”(build 个目标)的操作。

生成成功。

已用时间 00:00:00.98
