
SQL*Plus: Release 12.2.0.1.0 Production on 星期六 11月 28 16:49:47 2020

Copyright (c) 1982, 2016, Oracle.  All rights reserved.

上次成功登录时间: 星期六 11月 28 2020 16:41:03 +08:00

连接到: 
Oracle Database 12c Enterprise Edition Release 12.2.0.1.0 - 64bit Production


过程已创建。


过程已创建。


过程已创建。


过程已创建。


过程已创建。


过程已创建。


过程已创建。


过程已创建。


过程已创建。


过程已创建。


过程已创建。


过程已创建。


过程已创建。


过程已创建。


过程已创建。


过程已创建。


过程已创建。


过程已创建。


过程已创建。


过程已创建。


过程已创建。


过程已创建。


过程已创建。


过程已创建。


过程已创建。


过程已创建。


过程已创建。

从 Oracle Database 12c Enterprise Edition Release 12.2.0.1.0 - 64bit Production 断开
