c:\users\software\desktop\distrib\debug\bitmap.obj
c:\users\software\desktop\distrib\debug\joint.obj
c:\users\software\desktop\distrib\debug\main.obj
c:\users\software\desktop\distrib\debug\matrixstack.obj
c:\users\software\desktop\distrib\debug\mesh.obj
c:\users\software\desktop\distrib\debug\modelerapp.obj
c:\users\software\desktop\distrib\debug\modelerui.obj
c:\users\software\desktop\distrib\debug\modelerview.obj
c:\users\software\desktop\distrib\debug\skeletalmodel.obj
c:\users\software\desktop\distrib\debug\matrix2f.obj
c:\users\software\desktop\distrib\debug\matrix3f.obj
c:\users\software\desktop\distrib\debug\matrix4f.obj
c:\users\software\desktop\distrib\debug\quat4f.obj
c:\users\software\desktop\distrib\debug\vector2f.obj
c:\users\software\desktop\distrib\debug\vector3f.obj
c:\users\software\desktop\distrib\debug\vector4f.obj
c:\users\software\desktop\distrib\debug\vc100.pdb
c:\users\software\desktop\distrib\debug\camera.obj
c:\users\software\desktop\distrib\debug\a2.ilk
c:\users\software\desktop\distrib\debug\a2.exe
c:\users\software\desktop\distrib\debug\a2.exe.intermediate.manifest
c:\users\software\desktop\distrib\debug\a2.pdb
c:\users\software\desktop\distrib\debug\a2.exe.manifest
c:\users\software\desktop\distrib\debug\a2.exe.embed.manifest.res
d:\private files\courses\computergraphics\workspace\work_two\distrib\debug\vc141.pdb
d:\private files\courses\computergraphics\workspace\work_two\distrib\debug\vector4f.obj
d:\private files\courses\computergraphics\workspace\work_two\distrib\debug\vector3f.obj
d:\private files\courses\computergraphics\workspace\work_two\distrib\debug\vector2f.obj
d:\private files\courses\computergraphics\workspace\work_two\distrib\debug\quat4f.obj
d:\private files\courses\computergraphics\workspace\work_two\distrib\debug\matrix4f.obj
d:\private files\courses\computergraphics\workspace\work_two\distrib\debug\matrix3f.obj
d:\private files\courses\computergraphics\workspace\work_two\distrib\debug\matrix2f.obj
d:\private files\courses\computergraphics\workspace\work_two\distrib\debug\skeletalmodel.obj
d:\private files\courses\computergraphics\workspace\work_two\distrib\debug\modelerview.obj
d:\private files\courses\computergraphics\workspace\work_two\distrib\debug\modelerui.obj
d:\private files\courses\computergraphics\workspace\work_two\distrib\debug\modelerapp.obj
d:\private files\courses\computergraphics\workspace\work_two\distrib\debug\mesh.obj
d:\private files\courses\computergraphics\workspace\work_two\distrib\debug\matrixstack.obj
d:\private files\courses\computergraphics\workspace\work_two\distrib\debug\main.obj
d:\private files\courses\computergraphics\workspace\work_two\distrib\debug\joint.obj
d:\private files\courses\computergraphics\workspace\work_two\distrib\debug\bitmap.obj
d:\private files\courses\computergraphics\workspace\work_two\distrib\debug\camera.obj
d:\private files\courses\computergraphics\workspace\work_two\distrib\debug\a2.ilk
d:\private files\courses\computergraphics\workspace\work_two\distrib\debug\a2.exe
d:\private files\courses\computergraphics\workspace\work_two\distrib\debug\a2.exe.intermediate.manifest
d:\private files\courses\computergraphics\workspace\work_two\distrib\debug\a2.pdb
d:\private files\courses\computergraphics\workspace\work_two\distrib\debug\a2.vcxprojresolveassemblyreference.cache
d:\private files\courses\computergraphics\workspace\work_two\distrib\debug\lnk{b608a191-e0c3-4d66-a926-9763c6e766a8}.tmp
d:\private files\courses\computergraphics\workspace\work_two\distrib\debug\a2.write.1.tlog
d:\private files\courses\computergraphics\workspace\work_two\distrib\debug\cl.command.1.tlog
d:\private files\courses\computergraphics\workspace\work_two\distrib\debug\cl.read.1.tlog
d:\private files\courses\computergraphics\workspace\work_two\distrib\debug\cl.write.1.tlog
d:\private files\courses\computergraphics\workspace\work_two\distrib\debug\link.command.1.tlog
d:\private files\courses\computergraphics\workspace\work_two\distrib\debug\link.read.1.tlog
d:\private files\courses\computergraphics\workspace\work_two\distrib\debug\link.write.1.tlog
d:\private files\courses\computergraphics\workspace\work_two\distrib\debug\mt.command.1.tlog
d:\private files\courses\computergraphics\workspace\work_two\distrib\debug\mt.read.1.tlog
d:\private files\courses\computergraphics\workspace\work_two\distrib\debug\mt.write.1.tlog
d:\private files\courses\computergraphics\workspace\work_two\distrib\debug\rc.command.1.tlog
d:\private files\courses\computergraphics\workspace\work_two\distrib\debug\rc.read.1.tlog
d:\private files\courses\computergraphics\workspace\work_two\distrib\debug\rc.write.1.tlog
d:\private files\courses\computergraphics\workspace\work_two\distrib\debug\a2.exe.embed.manifest
d:\private files\courses\computergraphics\workspace\work_two\distrib\debug\a2.exe.manifest
d:\private files\courses\computergraphics\workspace\work_two\distrib\debug\a2.exe.embed.manifest.res
d:\private files\courses\computergraphics\workspace\work_two\distrib\debug\vc100.idb
d:\private files\courses\computergraphics\workspace\work_two\distrib\debug\vc100.pdb
d:\private files\courses\computergraphics\workspace\work_two\distrib\debug\a2_manifest.rc
d:\private files\courses\computergraphics\workspace\work_two\distrib\debug\a2.tlog\cl.command.1.tlog
d:\private files\courses\computergraphics\workspace\work_two\distrib\debug\a2.tlog\cl.read.1.tlog
d:\private files\courses\computergraphics\workspace\work_two\distrib\debug\a2.tlog\cl.write.1.tlog
d:\private files\courses\computergraphics\workspace\work_two\distrib\debug\a2.tlog\link.command.1.tlog
d:\private files\courses\computergraphics\workspace\work_two\distrib\debug\a2.tlog\link.delete.1.tlog
d:\private files\courses\computergraphics\workspace\work_two\distrib\debug\a2.tlog\link.read.1.tlog
d:\private files\courses\computergraphics\workspace\work_two\distrib\debug\a2.tlog\link.write.1.tlog
d:\private files\courses\computergraphics\workspace\work_two\distrib\debug\a2.tlog\mt.command.1.tlog
d:\private files\courses\computergraphics\workspace\work_two\distrib\debug\a2.tlog\mt.read.1.tlog
